<?xml version="1.0" encoding="UTF-8"?>
<!-- Generated by org.testng.reporters.JUnitReportReporter -->
<testsuite name="org.DorDie.selenium.frameworks.data" tests="2" time="82.946" ignored="0" failures="0" timestamp="11 Jun 2018 02:32:06 GMT" skipped="0" hostname="Lenovo-PC" errors="0">
  <testcase name="adbc" time="35.542" classname="org.DorDie.selenium.frameworks.data"/>
  <testcase name="adbc" time="47.404" classname="org.DorDie.selenium.frameworks.data"/>
</testsuite> <!-- org.DorDie.selenium.frameworks.data -->
