<?xml version="1.0" encoding="UTF-8"?>
<!-- Generated by org.testng.reporters.JUnitReportReporter -->
<testsuite name="org.DorDie.selenium.frameworks.TC002" tests="1" time="34.171" ignored="0" failures="0" timestamp="11 Jun 2018 14:49:29 GMT" skipped="0" hostname="Lenovo-PC" errors="0">
  <testcase name="enterurl" time="34.171" classname="org.DorDie.selenium.frameworks.TC002"/>
</testsuite> <!-- org.DorDie.selenium.frameworks.TC002 -->
