<?xml version="1.0" encoding="UTF-8"?>
<!-- Generated by org.testng.reporters.JUnitReportReporter -->
<testsuite name="org.DorDie.selenium.frameworks.TC001" tests="1" time="34.856" ignored="0" failures="0" timestamp="11 Jun 2018 14:49:29 GMT" skipped="0" hostname="Lenovo-PC" errors="0">
  <testcase name="Registration" time="34.856" classname="org.DorDie.selenium.frameworks.TC001"/>
</testsuite> <!-- org.DorDie.selenium.frameworks.TC001 -->
